<?xml version="1.0" encoding="UTF-8"?>
<!-- Generated by org.testng.reporters.JUnitXMLReporter -->
<testsuite ignored="0" hostname="DESKTOP-M18KB13" failures="0" tests="4" name="Test" time="0.094" errors="0" timestamp="27 Nov 2020 16:27:36 GMT">
  <testcase classname="com.kal.smoke.HomePageTest" name="Test1" time="0.008"/>
  <testcase classname="com.kal.smoke.HomePageTest" name="Test2" time="0.003"/>
  <testcase classname="com.kal.smoke.HomePageTest" name="Test3" time="0.003"/>
  <testcase classname="com.kal.smoke.HomePageTest2" name="Test12" time="0.003"/>
</testsuite> <!-- Test -->
