<?xml version="1.0" encoding="UTF-8"?>
<testng-results ignored="0" total="4" passed="4" failed="0" skipped="0">
  <reporter-output>
  </reporter-output>
  <suite started-at="2020-11-27T16:27:36Z" name="Suite" finished-at="2020-11-27T16:27:36Z" duration-ms="94">
    <groups>
    </groups>
    <test started-at="2020-11-27T16:27:36Z" name="Test" finished-at="2020-11-27T16:27:36Z" duration-ms="94">
      <class name="com.kal.smoke.HomePageTest2">
        <test-method signature="Test12()[pri:0, instance:com.kal.smoke.HomePageTest2@4b5189ac]" started-at="2020-11-27T16:27:36Z" name="Test12" finished-at="2020-11-27T16:27:36Z" duration-ms="3" status="PASS">
          <reporter-output>
          </reporter-output>
        </test-method> <!-- Test12 -->
      </class> <!-- com.kal.smoke.HomePageTest2 -->
      <class name="com.kal.smoke.HomePageTest">
        <test-method is-config="true" signature="setup()[pri:0, instance:com.kal.smoke.HomePageTest@4f704591]" started-at="2020-11-27T16:27:36Z" name="setup" finished-at="2020-11-27T16:27:36Z" duration-ms="21" status="PASS">
          <reporter-output>
          </reporter-output>
        </test-method> <!-- setup -->
        <test-method is-config="true" signature="beforeMethiod()[pri:0, instance:com.kal.smoke.HomePageTest@4f704591]" started-at="2020-11-27T16:27:36Z" name="beforeMethiod" finished-at="2020-11-27T16:27:36Z" duration-ms="1" status="PASS">
          <reporter-output>
          </reporter-output>
        </test-method> <!-- beforeMethiod -->
        <test-method signature="Test1()[pri:0, instance:com.kal.smoke.HomePageTest@4f704591]" started-at="2020-11-27T16:27:36Z" name="Test1" finished-at="2020-11-27T16:27:36Z" duration-ms="8" status="PASS">
          <reporter-output>
          </reporter-output>
        </test-method> <!-- Test1 -->
        <test-method is-config="true" signature="afterMethod()[pri:0, instance:com.kal.smoke.HomePageTest@4f704591]" started-at="2020-11-27T16:27:36Z" name="afterMethod" finished-at="2020-11-27T16:27:36Z" duration-ms="0" status="PASS">
          <reporter-output>
          </reporter-output>
        </test-method> <!-- afterMethod -->
        <test-method is-config="true" signature="beforeMethiod()[pri:0, instance:com.kal.smoke.HomePageTest@4f704591]" started-at="2020-11-27T16:27:36Z" name="beforeMethiod" finished-at="2020-11-27T16:27:36Z" duration-ms="0" status="PASS">
          <reporter-output>
          </reporter-output>
        </test-method> <!-- beforeMethiod -->
        <test-method signature="Test2()[pri:0, instance:com.kal.smoke.HomePageTest@4f704591]" started-at="2020-11-27T16:27:36Z" name="Test2" finished-at="2020-11-27T16:27:36Z" duration-ms="3" status="PASS">
          <reporter-output>
          </reporter-output>
        </test-method> <!-- Test2 -->
        <test-method is-config="true" signature="afterMethod()[pri:0, instance:com.kal.smoke.HomePageTest@4f704591]" started-at="2020-11-27T16:27:36Z" name="afterMethod" finished-at="2020-11-27T16:27:36Z" duration-ms="0" status="PASS">
          <reporter-output>
          </reporter-output>
        </test-method> <!-- afterMethod -->
        <test-method is-config="true" signature="beforeMethiod()[pri:0, instance:com.kal.smoke.HomePageTest@4f704591]" started-at="2020-11-27T16:27:36Z" name="beforeMethiod" finished-at="2020-11-27T16:27:36Z" duration-ms="2" status="PASS">
          <reporter-output>
          </reporter-output>
        </test-method> <!-- beforeMethiod -->
        <test-method signature="Test3()[pri:0, instance:com.kal.smoke.HomePageTest@4f704591]" started-at="2020-11-27T16:27:36Z" name="Test3" finished-at="2020-11-27T16:27:36Z" duration-ms="3" status="PASS">
          <reporter-output>
          </reporter-output>
        </test-method> <!-- Test3 -->
        <test-method is-config="true" signature="afterMethod()[pri:0, instance:com.kal.smoke.HomePageTest@4f704591]" started-at="2020-11-27T16:27:36Z" name="afterMethod" finished-at="2020-11-27T16:27:36Z" duration-ms="1" status="PASS">
          <reporter-output>
          </reporter-output>
        </test-method> <!-- afterMethod -->
        <test-method is-config="true" signature="teardown()[pri:0, instance:com.kal.smoke.HomePageTest@4f704591]" started-at="2020-11-27T16:27:36Z" name="teardown" finished-at="2020-11-27T16:27:36Z" duration-ms="1" status="PASS">
          <reporter-output>
          </reporter-output>
        </test-method> <!-- teardown -->
      </class> <!-- com.kal.smoke.HomePageTest -->
    </test> <!-- Test -->
  </suite> <!-- Suite -->
</testng-results>
